Compiled jquery.js  (2ms)  (pid 12585)
Compiled jquery_ujs.js  (0ms)  (pid 12585)
Compiled twitter/bootstrap/bootstrap-transition.js  (0ms)  (pid 12585)
Compiled twitter/bootstrap/bootstrap-alert.js  (0ms)  (pid 12585)
Compiled twitter/bootstrap/bootstrap-modal.js  (0ms)  (pid 12585)
Compiled twitter/bootstrap/bootstrap-dropdown.js  (0ms)  (pid 12585)
Compiled twitter/bootstrap/bootstrap-scrollspy.js  (0ms)  (pid 12585)
Compiled twitter/bootstrap/bootstrap-tab.js  (0ms)  (pid 12585)
Compiled twitter/bootstrap/bootstrap-tooltip.js  (0ms)  (pid 12585)
Compiled twitter/bootstrap/bootstrap-popover.js  (0ms)  (pid 12585)
Compiled twitter/bootstrap/bootstrap-button.js  (0ms)  (pid 12585)
Compiled twitter/bootstrap/bootstrap-collapse.js  (0ms)  (pid 12585)
Compiled twitter/bootstrap/bootstrap-carousel.js  (0ms)  (pid 12585)
Compiled twitter/bootstrap/bootstrap-typeahead.js  (0ms)  (pid 12585)
Compiled twitter/bootstrap.js  (714ms)  (pid 12585)
Compiled bootstrap.js  (219ms)  (pid 12585)
Compiled microposts.js  (1ms)  (pid 12585)
Compiled pages.js  (1ms)  (pid 12585)
Compiled sessions.js  (0ms)  (pid 12585)
Compiled users.js  (2ms)  (pid 12585)
Compiled application.js  (1029ms)  (pid 12585)
Compiled bootstrap_and_overrides.css  (1554ms)  (pid 12585)
Compiled pages.css  (83ms)  (pid 12585)
Compiled sessions.css  (1ms)  (pid 12585)
Compiled users.css  (17ms)  (pid 12585)
Compiled application.css  (1744ms)  (pid 12585)
